2025-06-04 23:00:53,538 - INFO - The Program is Running...
2025-06-04 23:00:55,654 - INFO - The Input Number is taken succsessfully
2025-06-04 23:00:55,655 - INFO - The Input Number is: 23
2025-06-04 23:00:55,655 - INFO - The Program is in for loop
2025-06-04 23:00:55,655 - INFO - The Program is in for loop
2025-06-04 23:00:55,655 - INFO - The Program is in for loop
2025-06-04 23:00:55,655 - INFO - The Number is Found to be a Prime Number
2025-06-04 23:00:55,656 - INFO - The Programs Ends Here
2025-06-04 23:01:52,113 - INFO - The Program is Running...
2025-06-04 23:01:58,829 - INFO - The Program is Running...
2025-06-04 23:02:00,739 - INFO - The Input Number is taken succsessfully
2025-06-04 23:02:00,740 - INFO - The Input Number is: 1
2025-06-04 23:02:00,767 - INFO - The Number is Found to be a Prime Number
2025-06-04 23:02:00,770 - INFO - The Programs Ends Here
2025-06-04 23:04:36,112 - INFO - The Program is Running...
2025-06-04 23:04:38,189 - INFO - The Input Number is taken succsessfully
2025-06-04 23:04:38,190 - INFO - The Input Number is: 1
2025-06-04 23:04:38,190 - INFO - The Number is smaller than or equal to 1
2025-06-04 23:04:38,190 - INFO - The Number is Found to Be not a Prime Number
2025-06-04 23:04:38,190 - INFO - The Programs Ends Here
